This is pdfTeX, Version 3.14159265-2.6-1.40.21 (TeX Live 2020/W32TeX) (preloaded format=pdflatex 2020.11.9)  28 APR 2021 19:16
entering extended mode
 restricted \write18 enabled.
 file:line:error style messages enabled.
 %&-line parsing enabled.
**c:/Users/user/PycharmProjects/Assignment.AMLXAI/hw1/report/midterm_summary.tex
(c:/Users/user/PycharmProjects/Assignment.AMLXAI/hw1/report/midterm_summary.tex
LaTeX2e <2020-10-01> patch level 2
L3 programming layer <2020-10-27> xparse <2020-03-03> (c:/Users/user/PycharmProjects/Assignment.AMLXAI/hw1/report/cvpr.cls
Document Class: cvpr 2020/5/16 Example LaTex class for IEEE CVPR
(d:/texlive/2020/texmf-dist/tex/latex/base/article.cls
Document Class: article 2020/04/10 v1.4m Standard LaTeX document class
(d:/texlive/2020/texmf-dist/tex/latex/base/size10.clo
File: size10.clo 2020/04/10 v1.4m Standard LaTeX file (size option)
)
\c@part=\count175
\c@section=\count176
\c@subsection=\count177
\c@subsubsection=\count178
\c@paragraph=\count179
\c@subparagraph=\count180
\c@figure=\count181
\c@table=\count182
\abovecaptionskip=\skip47
\belowcaptionskip=\skip48
\bibindent=\dimen138
) (d:/texlive/2020/texmf-dist/tex/latex/tools/xspace.sty
Package: xspace 2014/10/28 v1.13 Space after command names (DPC,MH)
) (d:/texlive/2020/texmf-dist/tex/latex/silence/silence.sty
Package: silence 2012/07/02 v1.5b Selective filtering of warnings and error messages
\sl@Save=\count183
\sl@StateNumber=\count184
\sl@MessageCount=\count185
\sl@Casualties=\count186
\sl@Filter=\toks15
\sl@Message=\toks16
\sl@UnexpandedMessage=\toks17
\sl@Mess@ge=\toks18
\sl@WarningCount=\count187
\sl@WarningNumber=\count188
\sl@WarningCasualties=\count189
\sl@TempBOW=\toks19
\sl@BankOfWarnings=\toks20
LaTeX Info: Redefining \GenericWarning on input line 433.
\sl@ErrorCount=\count190
\sl@ErrorNumber=\count191
\sl@ErrorCasualties=\count192
\sl@TempBOE=\toks21
\sl@BankOfErrors=\toks22
LaTeX Info: Redefining \GenericError on input line 601.
) (d:/texlive/2020/texmf-dist/tex/latex/etoolbox/etoolbox.sty
Package: etoolbox 2020/10/05 v2.5k e-TeX tools for LaTeX (JAW)
\etb@tempcnta=\count193
) (d:/texlive/2020/texmf-dist/tex/latex/url/url.sty
\Urlmuskip=\muskip16
Package: url 2013/09/16  ver 3.4  Verb mode for urls, etc.
) (d:/texlive/2020/texmf-dist/tex/latex/graphics/keyval.sty
Package: keyval 2014/10/28 v1.15 key=value parser (DPC)
\KV@toks@=\toks23
)
CVPR 8.5 x 11-Inch Proceedings Style `cvpr.sty'.
\@ctmp=\skip49
\@figindent=\skip50
\cvprrulerbox=\box47
\cvprrulercount=\count194
\cvprruleroffset=\dimen139
\cv@lineheight=\dimen140
\cv@boxheight=\dimen141
\cv@tmpbox=\box48
\cv@refno=\count195
\cv@tot=\count196
\cv@tmpc@=\count197
\cv@tmpc=\count198
) (d:/texlive/2020/texmf-dist/tex/latex/psnfss/times.sty
Package: times 2020/03/25 PSNFSS-v9.3 (SPQR) 
) (d:/texlive/2020/texmf-dist/tex/latex/graphics/epsfig.sty
Package: epsfig 2017/06/25 v1.7b (e)psfig emulation (SPQR)
 (d:/texlive/2020/texmf-dist/tex/latex/graphics/graphicx.sty
Package: graphicx 2020/09/09 v1.2b Enhanced LaTeX Graphics (DPC,SPQR)
 (d:/texlive/2020/texmf-dist/tex/latex/graphics/graphics.sty
Package: graphics 2020/08/30 v1.4c Standard LaTeX Graphics (DPC,SPQR)
 (d:/texlive/2020/texmf-dist/tex/latex/graphics/trig.sty
Package: trig 2016/01/03 v1.10 sin cos tan (DPC)
) (d:/texlive/2020/texmf-dist/tex/latex/graphics-cfg/graphics.cfg
File: graphics.cfg 2016/06/04 v1.11 sample graphics configuration
)
Package graphics Info: Driver file: pdftex.def on input line 105.
 (d:/texlive/2020/texmf-dist/tex/latex/graphics-def/pdftex.def
File: pdftex.def 2020/10/05 v1.2a Graphics/color driver for pdftex
))
\Gin@req@height=\dimen142
\Gin@req@width=\dimen143
)
\epsfxsize=\dimen144
\epsfysize=\dimen145
) (d:/texlive/2020/texmf-dist/tex/latex/amsmath/amsmath.sty
Package: amsmath 2020/09/23 v2.17i AMS math features
\@mathmargin=\skip51

For additional information on amsmath, use the `?' option.
(d:/texlive/2020/texmf-dist/tex/latex/amsmath/amstext.sty
Package: amstext 2000/06/29 v2.01 AMS text
 (d:/texlive/2020/texmf-dist/tex/latex/amsmath/amsgen.sty
File: amsgen.sty 1999/11/30 v2.0 generic functions
\@emptytoks=\toks24
\ex@=\dimen146
)) (d:/texlive/2020/texmf-dist/tex/latex/amsmath/amsbsy.sty
Package: amsbsy 1999/11/29 v1.2d Bold Symbols
\pmbraise@=\dimen147
) (d:/texlive/2020/texmf-dist/tex/latex/amsmath/amsopn.sty
Package: amsopn 2016/03/08 v2.02 operator names
)
\inf@bad=\count199
LaTeX Info: Redefining \frac on input line 234.
\uproot@=\count266
\leftroot@=\count267
LaTeX Info: Redefining \overline on input line 399.
\classnum@=\count268
\DOTSCASE@=\count269
LaTeX Info: Redefining \ldots on input line 496.
LaTeX Info: Redefining \dots on input line 499.
LaTeX Info: Redefining \cdots on input line 620.
\Mathstrutbox@=\box49
\strutbox@=\box50
\big@size=\dimen148
LaTeX Font Info:    Redeclaring font encoding OML on input line 743.
LaTeX Font Info:    Redeclaring font encoding OMS on input line 744.
\macc@depth=\count270
\c@MaxMatrixCols=\count271
\dotsspace@=\muskip17
\c@parentequation=\count272
\dspbrk@lvl=\count273
\tag@help=\toks25
\row@=\count274
\column@=\count275
\maxfields@=\count276
\andhelp@=\toks26
\eqnshift@=\dimen149
\alignsep@=\dimen150
\tagshift@=\dimen151
\tagwidth@=\dimen152
\totwidth@=\dimen153
\lineht@=\dimen154
\@envbody=\toks27
\multlinegap=\skip52
\multlinetaggap=\skip53
\mathdisplay@stack=\toks28
LaTeX Info: Redefining \[ on input line 2923.
LaTeX Info: Redefining \] on input line 2924.
) (d:/texlive/2020/texmf-dist/tex/latex/amsfonts/amssymb.sty
Package: amssymb 2013/01/14 v3.01 AMS font symbols
 (d:/texlive/2020/texmf-dist/tex/latex/amsfonts/amsfonts.sty
Package: amsfonts 2013/01/14 v3.01 Basic AMSFonts support
\symAMSa=\mathgroup4
\symAMSb=\mathgroup5
LaTeX Font Info:    Redeclaring math symbol \hbar on input line 98.
LaTeX Font Info:    Overwriting math alphabet `\mathfrak' in version `bold'
(Font)                  U/euf/m/n --> U/euf/b/n on input line 106.
)) (d:/texlive/2020/texmf-dist/tex/latex/hyperref/hyperref.sty
Package: hyperref 2020-05-15 v7.00e Hypertext links for LaTeX
 (d:/texlive/2020/texmf-dist/tex/generic/ltxcmds/ltxcmds.sty
Package: ltxcmds 2020-05-10 v1.25 LaTeX kernel commands for general use (HO)
) (d:/texlive/2020/texmf-dist/tex/generic/iftex/iftex.sty
Package: iftex 2020/03/06 v1.0d TeX engine tests
) (d:/texlive/2020/texmf-dist/tex/generic/pdftexcmds/pdftexcmds.sty
Package: pdftexcmds 2020-06-27 v0.33 Utility functions of pdfTeX for LuaTeX (HO)
 (d:/texlive/2020/texmf-dist/tex/generic/infwarerr/infwarerr.sty
Package: infwarerr 2019/12/03 v1.5 Providing info/warning/error messages (HO)
)
Package pdftexcmds Info: \pdf@primitive is available.
Package pdftexcmds Info: \pdf@ifprimitive is available.
Package pdftexcmds Info: \pdfdraftmode found.
) (d:/texlive/2020/texmf-dist/tex/generic/kvsetkeys/kvsetkeys.sty
Package: kvsetkeys 2019/12/15 v1.18 Key value parser (HO)
) (d:/texlive/2020/texmf-dist/tex/generic/kvdefinekeys/kvdefinekeys.sty
Package: kvdefinekeys 2019-12-19 v1.6 Define keys (HO)
) (d:/texlive/2020/texmf-dist/tex/generic/pdfescape/pdfescape.sty
Package: pdfescape 2019/12/09 v1.15 Implements pdfTeX's escape features (HO)
) (d:/texlive/2020/texmf-dist/tex/latex/hycolor/hycolor.sty
Package: hycolor 2020-01-27 v1.10 Color options for hyperref/bookmark (HO)
) (d:/texlive/2020/texmf-dist/tex/latex/letltxmacro/letltxmacro.sty
Package: letltxmacro 2019/12/03 v1.6 Let assignment for LaTeX macros (HO)
) (d:/texlive/2020/texmf-dist/tex/latex/auxhook/auxhook.sty
Package: auxhook 2019-12-17 v1.6 Hooks for auxiliary files (HO)
) (d:/texlive/2020/texmf-dist/tex/latex/kvoptions/kvoptions.sty
Package: kvoptions 2020-10-07 v3.14 Key value format for package options (HO)
)
\@linkdim=\dimen155
\Hy@linkcounter=\count277
\Hy@pagecounter=\count278
 (d:/texlive/2020/texmf-dist/tex/latex/hyperref/pd1enc.def
File: pd1enc.def 2020-05-15 v7.00e Hyperref: PDFDocEncoding definition (HO)
Now handling font encoding PD1 ...
... no UTF-8 mapping file for font encoding PD1
) (d:/texlive/2020/texmf-dist/tex/generic/intcalc/intcalc.sty
Package: intcalc 2019/12/15 v1.3 Expandable calculations with integers (HO)
) (d:/texlive/2020/texmf-dist/tex/generic/etexcmds/etexcmds.sty
Package: etexcmds 2019/12/15 v1.7 Avoid name clashes with e-TeX commands (HO)
)
\Hy@SavedSpaceFactor=\count279
Package hyperref Info: Option `final' set `true' on input line 4338.
Package hyperref Info: Option `breaklinks' set `true' on input line 4338.
Package hyperref Info: Option `colorlinks' set `true' on input line 4338.
Package hyperref Info: Option `bookmarks' set `false' on input line 4338.
Package hyperref Info: Hyper figures OFF on input line 4464.
Package hyperref Info: Link nesting OFF on input line 4469.
Package hyperref Info: Hyper index ON on input line 4472.
Package hyperref Info: Plain pages OFF on input line 4479.
Package hyperref Info: Backreferencing ON on input line 4482.
Package hyperref Info: Implicit mode ON; LaTeX internals redefined.
Package hyperref Info: Bookmarks OFF on input line 4723.
 (d:/texlive/2020/texmf-dist/tex/latex/hyperref/backref.sty
Package: backref 2020/01/14 v1.40 Bibliographical back referencing
 (d:/texlive/2020/texmf-dist/tex/latex/rerunfilecheck/rerunfilecheck.sty
Package: rerunfilecheck 2019/12/05 v1.9 Rerun checks for auxiliary files (HO)
 (d:/texlive/2020/texmf-dist/tex/latex/base/atveryend-ltx.sty
Package: atveryend-ltx 2020/08/19 v1.0a Emulation of the original atvery package
with kernel methods
) (d:/texlive/2020/texmf-dist/tex/generic/uniquecounter/uniquecounter.sty
Package: uniquecounter 2019/12/15 v1.4 Provide unlimited unique counter (HO)
 (d:/texlive/2020/texmf-dist/tex/generic/bigintcalc/bigintcalc.sty
Package: bigintcalc 2019/12/15 v1.5 Expandable calculations on big integers (HO)
))
Package uniquecounter Info: New unique counter `rerunfilecheck' on input line 286.
))
\c@Hy@tempcnt=\count280
LaTeX Info: Redefining \url on input line 5076.
\XeTeXLinkMargin=\dimen156
 (d:/texlive/2020/texmf-dist/tex/generic/bitset/bitset.sty
Package: bitset 2019/12/09 v1.3 Handle bit-vector datatype (HO)
)
\Fld@menulength=\count281
\Field@Width=\dimen157
\Fld@charsize=\dimen158
Package hyperref Info: Hyper figures OFF on input line 6347.
Package hyperref Info: Link nesting OFF on input line 6352.
Package hyperref Info: Hyper index ON on input line 6355.
Package hyperref Info: backreferencing ON on input line 6360.
Package hyperref Info: Link coloring ON on input line 6365.
Package hyperref Info: Link coloring with OCG OFF on input line 6372.
Package hyperref Info: PDF/A mode OFF on input line 6377.
LaTeX Info: Redefining \ref on input line 6417.
LaTeX Info: Redefining \pageref on input line 6421.
 (d:/texlive/2020/texmf-dist/tex/latex/base/atbegshi-ltx.sty
Package: atbegshi-ltx 2020/08/17 v1.0a Emulation of the original atbegshi package
with kernel methods
)
\Hy@abspage=\count282
\c@Item=\count283
\c@Hfootnote=\count284
)
Package hyperref Info: Driver (autodetected): hpdftex.
 (d:/texlive/2020/texmf-dist/tex/latex/hyperref/hpdftex.def
File: hpdftex.def 2020-05-15 v7.00e Hyperref driver for pdfTeX
\Fld@listcount=\count285
\c@bookmark@seq@number=\count286
\Hy@SectionHShift=\skip54
)
LaTeX Font Info:    Trying to load font information for OT1+ptm on input line 26.
 (d:/texlive/2020/texmf-dist/tex/latex/psnfss/ot1ptm.fd
File: ot1ptm.fd 2001/06/04 font definitions for OT1/ptm.
) (d:/texlive/2020/texmf-dist/tex/latex/l3backend/l3backend-pdftex.def
File: l3backend-pdftex.def 2020-09-24 L3 backend support: PDF output (pdfTeX)
\l__kernel_color_stack_int=\count287
\l__pdf_internal_box=\box51
) (c:/Users/user/PycharmProjects/Assignment.AMLXAI/hw1/report/midterm_summary.aux)
\openout1 = `midterm_summary.aux'.

LaTeX Font Info:    Checking defaults for OML/cmm/m/it on input line 26.
LaTeX Font Info:    ... okay on input line 26.
LaTeX Font Info:    Checking defaults for OMS/cmsy/m/n on input line 26.
LaTeX Font Info:    ... okay on input line 26.
LaTeX Font Info:    Checking defaults for OT1/cmr/m/n on input line 26.
LaTeX Font Info:    ... okay on input line 26.
LaTeX Font Info:    Checking defaults for T1/cmr/m/n on input line 26.
LaTeX Font Info:    ... okay on input line 26.
LaTeX Font Info:    Checking defaults for TS1/cmr/m/n on input line 26.
LaTeX Font Info:    ... okay on input line 26.
LaTeX Font Info:    Checking defaults for OMX/cmex/m/n on input line 26.
LaTeX Font Info:    ... okay on input line 26.
LaTeX Font Info:    Checking defaults for U/cmr/m/n on input line 26.
LaTeX Font Info:    ... okay on input line 26.
LaTeX Font Info:    Checking defaults for PD1/pdf/m/n on input line 26.
LaTeX Font Info:    ... okay on input line 26.
 ABD: EveryShipout initializing macros (d:/texlive/2020/texmf-dist/tex/latex/graphics/color.sty
Package: color 2020/02/24 v1.2b Standard LaTeX Color (DPC)
 (d:/texlive/2020/texmf-dist/tex/latex/graphics-cfg/color.cfg
File: color.cfg 2016/01/02 v1.6 sample color configuration
)
Package color Info: Driver file: pdftex.def on input line 147.
) (d:/texlive/2020/texmf-dist/tex/latex/eepic/epic.sty
Enhancements to Picture Environment. Version 1.2 - Released June 1, 1986
\@@multicnt=\count288
\d@lta=\count289
\@delta=\dimen159
\@@delta=\dimen160
\@gridcnt=\count290
\@joinkind=\count291
\@dotgap=\dimen161
\@ddotgap=\dimen162
\@x@diff=\count292
\@y@diff=\count293
\x@diff=\dimen163
\y@diff=\dimen164
\@dotbox=\box52
\num@segments=\count294
\num@segmentsi=\count295
\@datafile=\read2
) (d:/texlive/2020/texmf-dist/tex/context/base/mkii/supp-pdf.mkii
[Loading MPS to PDF converter (version 2006.09.02).]
\scratchcounter=\count296
\scratchdimen=\dimen165
\scratchbox=\box53
\nofMPsegments=\count297
\nofMParguments=\count298
\everyMPshowfont=\toks29
\MPscratchCnt=\count299
\MPscratchDim=\dimen166
\MPnumerator=\count300
\makeMPintoPDFobject=\count301
\everyMPtoPDFconversion=\toks30
) (d:/texlive/2020/texmf-dist/tex/latex/epstopdf-pkg/epstopdf-base.sty
Package: epstopdf-base 2020-01-24 v2.11 Base part for package epstopdf
Package epstopdf-base Info: Redefining graphics rule for `.eps' on input line 485.
 (d:/texlive/2020/texmf-dist/tex/latex/latexconfig/epstopdf-sys.cfg
File: epstopdf-sys.cfg 2010/07/13 v1.3 Configuration of (r)epstopdf for TeX Live
))
Package hyperref Info: Link coloring ON on input line 26.
 (d:/texlive/2020/texmf-dist/tex/latex/hyperref/nameref.sty
Package: nameref 2019/09/16 v2.46 Cross-referencing by name of section
 (d:/texlive/2020/texmf-dist/tex/latex/refcount/refcount.sty
Package: refcount 2019/12/15 v3.6 Data extraction from label references (HO)
) (d:/texlive/2020/texmf-dist/tex/generic/gettitlestring/gettitlestring.sty
Package: gettitlestring 2019/12/15 v1.6 Cleanup title references (HO)
)
\c@section@level=\count302
)
LaTeX Info: Redefining \ref on input line 26.
LaTeX Info: Redefining \pageref on input line 26.
LaTeX Info: Redefining \nameref on input line 26.
LaTeX Font Info:    Trying to load font information for U+msa on input line 38.
 (d:/texlive/2020/texmf-dist/tex/latex/amsfonts/umsa.fd
File: umsa.fd 2013/01/14 v3.01 AMS symbols A
)
LaTeX Font Info:    Trying to load font information for U+msb on input line 38.
 (d:/texlive/2020/texmf-dist/tex/latex/amsfonts/umsb.fd
File: umsb.fd 2013/01/14 v3.01 AMS symbols B
)
LaTeX Font Info:    Trying to load font information for OT1+pcr on input line 38.
 (d:/texlive/2020/texmf-dist/tex/latex/psnfss/ot1pcr.fd
File: ot1pcr.fd 2001/06/04 font definitions for OT1/pcr.
)
Package epstopdf Info: Source file: <resources/ewc_CIFAR.eps>
(epstopdf)                    date: 2021-04-20 23:49:37
(epstopdf)                    size: 20912 bytes
(epstopdf)             Output file: <resources/ewc_CIFAR-eps-converted-to.pdf>
(epstopdf)                    date: 2021-04-21 01:32:34
(epstopdf)                    size: 11597 bytes
(epstopdf)             Command: <repstopdf --outfile=resources/ewc_CIFAR-eps-converted-to.pdf resources/ewc_CIFAR.eps>
(epstopdf)             \includegraphics on input line 69.
Package epstopdf Info: Output file is already uptodate.
<resources/ewc_CIFAR-eps-converted-to.pdf, id=12, 433.62pt x 361.35pt>
File: resources/ewc_CIFAR-eps-converted-to.pdf Graphic file (type pdf)
<use resources/ewc_CIFAR-eps-converted-to.pdf>
Package pdftex.def Info: resources/ewc_CIFAR-eps-converted-to.pdf  used on input line 69.
(pdftex.def)             Requested size: 223.58379pt x 186.32063pt.
Package epstopdf Info: Source file: <resources/l2_CIFAR.eps>
(epstopdf)                    date: 2021-04-20 23:49:32
(epstopdf)                    size: 20898 bytes
(epstopdf)             Output file: <resources/l2_CIFAR-eps-converted-to.pdf>
(epstopdf)                    date: 2021-04-21 01:32:36
(epstopdf)                    size: 11603 bytes
(epstopdf)             Command: <repstopdf --outfile=resources/l2_CIFAR-eps-converted-to.pdf resources/l2_CIFAR.eps>
(epstopdf)             \includegraphics on input line 70.
Package epstopdf Info: Output file is already uptodate.
<resources/l2_CIFAR-eps-converted-to.pdf, id=13, 433.62pt x 361.35pt>
File: resources/l2_CIFAR-eps-converted-to.pdf Graphic file (type pdf)
<use resources/l2_CIFAR-eps-converted-to.pdf>
Package pdftex.def Info: resources/l2_CIFAR-eps-converted-to.pdf  used on input line 70.
(pdftex.def)             Requested size: 223.58379pt x 186.32063pt.
Package epstopdf Info: Source file: <resources/ewc_MNIST.eps>
(epstopdf)                    date: 2021-04-20 23:45:49
(epstopdf)                    size: 23560 bytes
(epstopdf)             Output file: <resources/ewc_MNIST-eps-converted-to.pdf>
(epstopdf)                    date: 2021-04-21 01:32:37
(epstopdf)                    size: 12753 bytes
(epstopdf)             Command: <repstopdf --outfile=resources/ewc_MNIST-eps-converted-to.pdf resources/ewc_MNIST.eps>
(epstopdf)             \includegraphics on input line 72.
Package epstopdf Info: Output file is already uptodate.
<resources/ewc_MNIST-eps-converted-to.pdf, id=14, 433.62pt x 361.35pt>
File: resources/ewc_MNIST-eps-converted-to.pdf Graphic file (type pdf)
<use resources/ewc_MNIST-eps-converted-to.pdf>
Package pdftex.def Info: resources/ewc_MNIST-eps-converted-to.pdf  used on input line 72.
(pdftex.def)             Requested size: 223.58379pt x 186.32063pt.
Package epstopdf Info: Source file: <resources/l2_MNIST.eps>
(epstopdf)                    date: 2021-04-20 23:45:18
(epstopdf)                    size: 23551 bytes
(epstopdf)             Output file: <resources/l2_MNIST-eps-converted-to.pdf>
(epstopdf)                    date: 2021-04-21 01:32:39
(epstopdf)                    size: 12764 bytes
(epstopdf)             Command: <repstopdf --outfile=resources/l2_MNIST-eps-converted-to.pdf resources/l2_MNIST.eps>
(epstopdf)             \includegraphics on input line 73.
Package epstopdf Info: Output file is already uptodate.
<resources/l2_MNIST-eps-converted-to.pdf, id=15, 433.62pt x 361.35pt>
File: resources/l2_MNIST-eps-converted-to.pdf Graphic file (type pdf)
<use resources/l2_MNIST-eps-converted-to.pdf>
Package pdftex.def Info: resources/l2_MNIST-eps-converted-to.pdf  used on input line 73.
(pdftex.def)             Requested size: 223.58379pt x 186.32063pt.
LaTeX Font Info:    Trying to load font information for OMS+ptm on input line 82.
 (d:/texlive/2020/texmf-dist/tex/latex/psnfss/omsptm.fd
File: omsptm.fd 
)
LaTeX Font Info:    Font shape `OMS/ptm/m/n' in size <10> not available
(Font)              Font shape `OMS/cmsy/m/n' tried instead on input line 82.
 [1


{d:/texlive/2020/texmf-var/fonts/map/pdftex/updmap/pdftex.map}]
Package epstopdf Info: Source file: <resources/ewc_shit.eps>
(epstopdf)                    date: 2021-04-28 17:04:49
(epstopdf)                    size: 26456 bytes
(epstopdf)             Output file: <resources/ewc_shit-eps-converted-to.pdf>
(epstopdf)                    date: 2021-04-28 17:12:24
(epstopdf)                    size: 13310 bytes
(epstopdf)             Command: <repstopdf --outfile=resources/ewc_shit-eps-converted-to.pdf resources/ewc_shit.eps>
(epstopdf)             \includegraphics on input line 91.
Package epstopdf Info: Output file is already uptodate.
<resources/ewc_shit-eps-converted-to.pdf, id=44, 867.24pt x 361.35pt>
File: resources/ewc_shit-eps-converted-to.pdf Graphic file (type pdf)
<use resources/ewc_shit-eps-converted-to.pdf>
Package pdftex.def Info: resources/ewc_shit-eps-converted-to.pdf  used on input line 91.
(pdftex.def)             Requested size: 223.58379pt x 93.1548pt.
Package epstopdf Info: Source file: <resources/l2_shit.eps>
(epstopdf)                    date: 2021-04-28 17:04:19
(epstopdf)                    size: 26441 bytes
(epstopdf)             Output file: <resources/l2_shit-eps-converted-to.pdf>
(epstopdf)                    date: 2021-04-28 17:12:26
(epstopdf)                    size: 13292 bytes
(epstopdf)             Command: <repstopdf --outfile=resources/l2_shit-eps-converted-to.pdf resources/l2_shit.eps>
(epstopdf)             \includegraphics on input line 92.
Package epstopdf Info: Output file is already uptodate.
<resources/l2_shit-eps-converted-to.pdf, id=45, 867.24pt x 361.35pt>
File: resources/l2_shit-eps-converted-to.pdf Graphic file (type pdf)
<use resources/l2_shit-eps-converted-to.pdf>
Package pdftex.def Info: resources/l2_shit-eps-converted-to.pdf  used on input line 92.
(pdftex.def)             Requested size: 223.58379pt x 93.1548pt.
 [2 <c:/Users/user/PycharmProjects/Assignment.AMLXAI/hw1/report/resources/ewc_CIFAR-eps-converted-to.pdf> <c:/Users/user/PycharmProjects/Assignment.AMLXAI/hw1/report/resources/l2_CIFAR-eps-converted-to.pdf> <c:/Users/user/PycharmProjects/Assignment.AMLXAI/hw1/report/resources/ewc_MNIST-eps-converted-to.pdf> <c:/Users/user/PycharmProjects/Assignment.AMLXAI/hw1/report/resources/l2_MNIST-eps-converted-to.pdf>]
Package epstopdf Info: Source file: <resources/comp_CIFAR.eps>
(epstopdf)                    date: 2021-04-22 15:02:39
(epstopdf)                    size: 17607 bytes
(epstopdf)             Output file: <resources/comp_CIFAR-eps-converted-to.pdf>
(epstopdf)                    date: 2021-04-22 15:06:46
(epstopdf)                    size: 11774 bytes
(epstopdf)             Command: <repstopdf --outfile=resources/comp_CIFAR-eps-converted-to.pdf resources/comp_CIFAR.eps>
(epstopdf)             \includegraphics on input line 110.
Package epstopdf Info: Output file is already uptodate.
<resources/comp_CIFAR-eps-converted-to.pdf, id=175, 433.62pt x 361.35pt>
File: resources/comp_CIFAR-eps-converted-to.pdf Graphic file (type pdf)
<use resources/comp_CIFAR-eps-converted-to.pdf>
Package pdftex.def Info: resources/comp_CIFAR-eps-converted-to.pdf  used on input line 110.
(pdftex.def)             Requested size: 223.58379pt x 186.32063pt.
Package epstopdf Info: Source file: <resources/comp_MNIST.eps>
(epstopdf)                    date: 2021-04-22 15:05:45
(epstopdf)                    size: 19768 bytes
(epstopdf)             Output file: <resources/comp_MNIST-eps-converted-to.pdf>
(epstopdf)                    date: 2021-04-22 15:06:42
(epstopdf)                    size: 12424 bytes
(epstopdf)             Command: <repstopdf --outfile=resources/comp_MNIST-eps-converted-to.pdf resources/comp_MNIST.eps>
(epstopdf)             \includegraphics on input line 111.
Package epstopdf Info: Output file is already uptodate.
<resources/comp_MNIST-eps-converted-to.pdf, id=176, 433.62pt x 361.35pt>
File: resources/comp_MNIST-eps-converted-to.pdf Graphic file (type pdf)
<use resources/comp_MNIST-eps-converted-to.pdf>
Package pdftex.def Info: resources/comp_MNIST-eps-converted-to.pdf  used on input line 111.
(pdftex.def)             Requested size: 223.58379pt x 186.32063pt.
Package epstopdf Info: Source file: <resources/comp_cifar20.eps>
(epstopdf)                    date: 2021-04-28 19:12:22
(epstopdf)                    size: 24090 bytes
(epstopdf)             Output file: <resources/comp_cifar20-eps-converted-to.pdf>
(epstopdf)                    date: 2021-04-28 19:12:46
(epstopdf)                    size: 13478 bytes
(epstopdf)             Command: <repstopdf --outfile=resources/comp_cifar20-eps-converted-to.pdf resources/comp_cifar20.eps>
(epstopdf)             \includegraphics on input line 122.
Package epstopdf Info: Output file is already uptodate.
<resources/comp_cifar20-eps-converted-to.pdf, id=177, 867.24pt x 361.35pt>
File: resources/comp_cifar20-eps-converted-to.pdf Graphic file (type pdf)
<use resources/comp_cifar20-eps-converted-to.pdf>
Package pdftex.def Info: resources/comp_cifar20-eps-converted-to.pdf  used on input line 122.
(pdftex.def)             Requested size: 447.16759pt x 186.32063pt.
 [3 <c:/Users/user/PycharmProjects/Assignment.AMLXAI/hw1/report/resources/ewc_shit-eps-converted-to.pdf> <c:/Users/user/PycharmProjects/Assignment.AMLXAI/hw1/report/resources/l2_shit-eps-converted-to.pdf> <c:/Users/user/PycharmProjects/Assignment.AMLXAI/hw1/report/resources/comp_CIFAR-eps-converted-to.pdf> <c:/Users/user/PycharmProjects/Assignment.AMLXAI/hw1/report/resources/comp_MNIST-eps-converted-to.pdf>] (c:/Users/user/PycharmProjects/Assignment.AMLXAI/hw1/report/midterm_summary.bbl (c:/Users/user/PycharmProjects/Assignment.AMLXAI/hw1/report/midterm_summary.brf)
\tf@brf=\write3
\openout3 = `midterm_summary.brf'.

) [4 <c:/Users/user/PycharmProjects/Assignment.AMLXAI/hw1/report/resources/comp_cifar20-eps-converted-to.pdf>] (c:/Users/user/PycharmProjects/Assignment.AMLXAI/hw1/report/midterm_summary.aux)
Package rerunfilecheck Info: File `midterm_summary.brf' has not changed.
(rerunfilecheck)             Checksum: 849C810F769FCE2700EDED6A0F8A2CFA;257.
 ) 
Here is how much of TeX's memory you used:
 7401 strings out of 479485
 109940 string characters out of 5875916
 422283 words of memory out of 5000000
 24220 multiletter control sequences out of 15000+600000
 556350 words of font info for 76 fonts, out of 8000000 for 9000
 1141 hyphenation exceptions out of 8191
 91i,12n,98p,980b,330s stack positions out of 5000i,500n,10000p,200000b,80000s
{d:/texlive/2020/texmf-dist/fonts/enc/dvips/base/8r.enc}<d:/texlive/2020/texmf-dist/fonts/type1/public/amsfonts/cm/cmex10.pfb><d:/texlive/2020/texmf-dist/fonts/type1/public/amsfonts/cm/cmmi10.pfb><d:/texlive/2020/texmf-dist/fonts/type1/public/amsfonts/cm/cmmi7.pfb><d:/texlive/2020/texmf-dist/fonts/type1/public/amsfonts/cm/cmr10.pfb><d:/texlive/2020/texmf-dist/fonts/type1/public/amsfonts/cm/cmr7.pfb><d:/texlive/2020/texmf-dist/fonts/type1/public/amsfonts/cm/cmsy10.pfb><d:/texlive/2020/texmf-dist/fonts/type1/urw/courier/ucrr8a.pfb><d:/texlive/2020/texmf-dist/fonts/type1/urw/times/utmb8a.pfb><d:/texlive/2020/texmf-dist/fonts/type1/urw/times/utmr8a.pfb><d:/texlive/2020/texmf-dist/fonts/type1/urw/times/utmri8a.pfb>
Output written on c:/Users/user/PycharmProjects/Assignment.AMLXAI/hw1/report/midterm_summary.pdf (4 pages, 191723 bytes).
PDF statistics:
 385 PDF objects out of 1000 (max. 8388607)
 131 compressed objects within 2 object streams
 23 named destinations out of 1000 (max. 500000)
 46 words of extra memory for PDF output out of 10000 (max. 10000000)

